<?xml version="1.0" encoding="UTF-8"?>
<!-- Generated by org.testng.reporters.JUnitReportReporter -->
<testsuite hostname="DESKTOP-74GI9KC" failures="0" tests="3" name="extendedReports.GenerateExtentReports" time="92.509" errors="0" timestamp="2021-08-30T16:56:58 IST" skipped="0">
  <testcase classname="extendedReports.GenerateExtentReports" name="addAccount" time="29.740"/>
  <system-out/>
  <testcase classname="extendedReports.GenerateExtentReports" name="logIn" time="19.232"/>
  <system-out/>
  <testcase classname="extendedReports.GenerateExtentReports" name="searchBus" time="43.537"/>
  <system-out/>
</testsuite> <!-- extendedReports.GenerateExtentReports -->
