<?xml version="1.0" encoding="UTF-8"?>
<!-- Generated by org.testng.reporters.JUnitReportReporter -->
<testsuite hostname="DESKTOP-74GI9KC" failures="0" tests="2" name="runner.run1" time="63.495" errors="0" timestamp="2021-08-27T11:32:23 IST" skipped="0">
  <testcase classname="runner.run1" name="runScenario" time="42.854"/>
  <system-out/>
  <testcase classname="runner.run1" name="runScenario" time="20.641"/>
  <system-out/>
</testsuite> <!-- runner.run1 -->
