<?xml version="1.0" encoding="UTF-8"?>
<!-- Generated by org.testng.reporters.JUnitReportReporter -->
<testsuite hostname="DESKTOP-74GI9KC" failures="0" tests="1" name="seleniumWebDriver.DropDown" time="4.620" errors="0" timestamp="2021-08-11T13:49:28 IST" skipped="0">
  <testcase classname="seleniumWebDriver.DropDown" name="f" time="4.620"/>
  <system-out/>
</testsuite> <!-- seleniumWebDriver.DropDown -->
