<?xml version="1.0" encoding="UTF-8"?>
<!-- Generated by org.testng.reporters.JUnitReportReporter -->
<testsuite hostname="DESKTOP-74GI9KC" failures="0" tests="1" name="seleniumWebDriver.ulMultiSelect" time="21.280" errors="0" timestamp="2021-08-16T14:26:43 IST" skipped="0">
  <testcase classname="seleniumWebDriver.ulMultiSelect" name="f" time="21.280"/>
  <system-out/>
</testsuite> <!-- seleniumWebDriver.ulMultiSelect -->
