<?xml version="1.0" encoding="UTF-8"?>
<!-- Generated by org.testng.reporters.JUnitReportReporter -->
<testsuite hostname="DESKTOP-74GI9KC" failures="0" tests="1" name="seleniumWebDriver.orderedSelect" time="7.230" errors="0" timestamp="2021-08-16T14:24:43 IST" skipped="0">
  <testcase classname="seleniumWebDriver.orderedSelect" name="f" time="7.230"/>
  <system-out/>
</testsuite> <!-- seleniumWebDriver.orderedSelect -->
