<?xml version="1.0" encoding="UTF-8"?>
<!-- Generated by org.testng.reporters.JUnitReportReporter -->
<testsuite hostname="DESKTOP-74GI9KC" failures="0" tests="1" name="seleniumWebDriver.windows" time="19.834" errors="0" timestamp="2021-08-09T12:07:14 IST" skipped="0">
  <testcase classname="seleniumWebDriver.windows" name="f" time="19.834"/>
  <system-out/>
</testsuite> <!-- seleniumWebDriver.windows -->
