<?xml version="1.0" encoding="UTF-8"?>
<!-- Generated by org.testng.reporters.JUnitReportReporter -->
<testsuite hostname="DESKTOP-74GI9KC" failures="0" tests="1" name="seleniumWebDriver.CheckBox" time="5.704" errors="0" timestamp="2021-08-08T22:40:30 IST" skipped="0">
  <testcase classname="seleniumWebDriver.CheckBox" name="f" time="5.704"/>
  <system-out/>
</testsuite> <!-- seleniumWebDriver.CheckBox -->
