<?xml version="1.0" encoding="UTF-8"?>
<!-- Generated by org.testng.reporters.JUnitReportReporter -->
<testsuite hostname="DESKTOP-74GI9KC" failures="0" tests="1" name="seleniumWebDriver.ssInterface" time="13.715" errors="0" timestamp="2021-08-16T20:47:06 IST" skipped="0">
  <testcase classname="seleniumWebDriver.ssInterface" name="f" time="13.715"/>
  <system-out/>
</testsuite> <!-- seleniumWebDriver.ssInterface -->
