<?xml version="1.0" encoding="UTF-8"?>
<!-- Generated by org.testng.reporters.JUnitReportReporter -->
<testsuite hostname="DESKTOP-74GI9KC" failures="0" tests="1" name="seleniumWebDriver.RadioButton" time="4.371" errors="0" timestamp="2021-08-22T23:06:38 IST" skipped="0">
  <testcase classname="seleniumWebDriver.RadioButton" name="f" time="4.371"/>
  <system-out/>
</testsuite> <!-- seleniumWebDriver.RadioButton -->
