<?xml version="1.0" encoding="UTF-8"?>
<!-- Generated by org.testng.reporters.JUnitReportReporter -->
<testsuite hostname="DESKTOP-74GI9KC" failures="0" tests="1" name="seleniumWebDriver.scrollOfPage" time="6.257" errors="0" timestamp="2021-08-16T21:54:41 IST" skipped="0">
  <testcase classname="seleniumWebDriver.scrollOfPage" name="f" time="6.257"/>
  <system-out/>
</testsuite> <!-- seleniumWebDriver.scrollOfPage -->
