<?xml version="1.0" encoding="UTF-8"?>
<!-- Generated by org.testng.reporters.JUnitReportReporter -->
<testsuite hostname="DESKTOP-74GI9KC" failures="0" tests="1" name="seleniumWebDriver.unOrederSelect" time="15.579" errors="0" timestamp="2021-08-16T09:06:39 IST" skipped="0">
  <testcase classname="seleniumWebDriver.unOrederSelect" name="f" time="15.579"/>
  <system-out/>
</testsuite> <!-- seleniumWebDriver.unOrederSelect -->
