<?xml version="1.0" encoding="UTF-8"?>
<!-- Generated by org.testng.reporters.JUnitReportReporter -->
<testsuite hostname="DESKTOP-74GI9KC" failures="0" tests="1" name="seleniumWebDriver.OpenTest" time="6.581" errors="0" timestamp="2021-08-10T22:30:08 IST" skipped="0">
  <testcase classname="seleniumWebDriver.OpenTest" name="f" time="6.581"/>
  <system-out/>
</testsuite> <!-- seleniumWebDriver.OpenTest -->
