<?xml version="1.0" encoding="UTF-8"?>
<!-- Generated by org.testng.reporters.JUnitReportReporter -->
<testsuite hostname="DESKTOP-74GI9KC" failures="0" tests="1" name="seleniumWebDriver.dragAndDrop" time="8.267" errors="0" timestamp="2021-08-11T11:22:59 IST" skipped="0">
  <testcase classname="seleniumWebDriver.dragAndDrop" name="f" time="8.267"/>
  <system-out/>
</testsuite> <!-- seleniumWebDriver.dragAndDrop -->
