<?xml version="1.0" encoding="UTF-8"?>
<!-- Generated by org.testng.reporters.JUnitReportReporter -->
<testsuite hostname="DESKTOP-74GI9KC" failures="0" tests="1" name="seleniumWebDriver.frames" time="4.867" errors="0" timestamp="2021-08-09T13:22:51 IST" skipped="0">
  <testcase classname="seleniumWebDriver.frames" name="f" time="4.867"/>
  <system-out/>
</testsuite> <!-- seleniumWebDriver.frames -->
