<?xml version="1.0" encoding="UTF-8"?>
<!-- Generated by org.testng.reporters.JUnitReportReporter -->
<testsuite hostname="DESKTOP-74GI9KC" failures="0" tests="1" name="seleniumWebDriver.mouseOver" time="5.194" errors="0" timestamp="2021-08-11T10:23:02 IST" skipped="0">
  <testcase classname="seleniumWebDriver.mouseOver" name="f" time="5.194"/>
  <system-out/>
</testsuite> <!-- seleniumWebDriver.mouseOver -->
