<?xml version="1.0" encoding="UTF-8"?>
<!-- Generated by org.testng.reporters.JUnitReportReporter -->
<testsuite hostname="DESKTOP-74GI9KC" failures="0" tests="1" name="seleniumWebDriver.ssRobot" time="6.744" errors="0" timestamp="2021-08-16T21:10:08 IST" skipped="0">
  <testcase classname="seleniumWebDriver.ssRobot" name="f" time="6.744"/>
  <system-out/>
</testsuite> <!-- seleniumWebDriver.ssRobot -->
