<?xml version="1.0" encoding="UTF-8"?>
<!-- Generated by org.testng.reporters.JUnitReportReporter -->
<testsuite hostname="DESKTOP-74GI9KC" failures="0" tests="1" name="seleniumWebDriver.Boxes" time="4.904" errors="0" timestamp="2021-08-08T23:49:44 IST" skipped="0">
  <testcase classname="seleniumWebDriver.Boxes" name="f" time="4.904"/>
  <system-out/>
</testsuite> <!-- seleniumWebDriver.Boxes -->
