<?xml version="1.0" encoding="UTF-8"?>
<!-- Generated by org.testng.reporters.JUnitReportReporter -->
<testsuite hostname="DESKTOP-74GI9KC" failures="0" tests="1" name="downloadFile.downloadFile" time="5.467" errors="0" timestamp="2021-08-18T10:33:07 IST" skipped="0">
  <testcase classname="downloadFile.downloadFile" name="f" time="5.467"/>
  <system-out/>
</testsuite> <!-- downloadFile.downloadFile -->
