<?xml version="1.0" encoding="UTF-8"?>
<!-- Generated by org.testng.reporters.JUnitReportReporter -->
<testsuite hostname="DESKTOP-74GI9KC" failures="0" tests="1" name="uploadFile.uploadfiles" time="12.889" errors="0" timestamp="2021-08-17T01:14:38 IST" skipped="0">
  <testcase classname="uploadFile.uploadfiles" name="f" time="12.889"/>
  <system-out/>
</testsuite> <!-- uploadFile.uploadfiles -->
