<?xml version="1.0" encoding="UTF-8"?>
<!-- Generated by org.testng.reporters.JUnitReportReporter -->
<testsuite hostname="DESKTOP-74GI9KC" failures="0" tests="1" name="dataDriven.jxlRead" time="24.913" errors="0" timestamp="2021-08-17T15:54:16 IST" skipped="0">
  <testcase classname="dataDriven.jxlRead" name="f" time="24.913"/>
  <system-out/>
</testsuite> <!-- dataDriven.jxlRead -->
