<?xml version="1.0" encoding="UTF-8"?>
<!-- Generated by org.testng.reporters.JUnitReportReporter -->
<testsuite hostname="DESKTOP-74GI9KC" failures="0" tests="1" name="dataDriven.apachePoiWrite" time="1.023" errors="0" timestamp="2021-08-17T00:25:31 IST" skipped="0">
  <testcase classname="dataDriven.apachePoiWrite" name="f" time="1.023"/>
  <system-out/>
</testsuite> <!-- dataDriven.apachePoiWrite -->
