<?xml version="1.0" encoding="UTF-8"?>
<!-- Generated by org.testng.reporters.JUnitReportReporter -->
<testsuite hostname="DESKTOP-74GI9KC" failures="0" tests="1" name="functionality.ksrtc" time="11.791" errors="0" timestamp="2021-08-23T14:51:18 IST" skipped="0">
  <testcase classname="functionality.ksrtc" name="ksrtcOnline" time="11.791"/>
  <system-out/>
</testsuite> <!-- functionality.ksrtc -->
