<?xml version="1.0" encoding="UTF-8"?>
<!-- Generated by org.testng.reporters.JUnitReportReporter -->
<testsuite hostname="DESKTOP-74GI9KC" failures="0" tests="1" name="dataDriven.readapache" time="52.238" errors="0" timestamp="2021-08-18T11:21:48 IST" skipped="0">
  <testcase classname="dataDriven.readapache" name="f" time="52.238"/>
  <system-out/>
</testsuite> <!-- dataDriven.readapache -->
